Build started 2/6/2023 6:10:37 PM.
     1>Project "C:\Users\Vishal.DESKTOP-861P542\Desktop\11_speech_based_captcha_solver\11_speech_based_captcha_solver\11_speech_based_captcha_solver\HMM_GUI_1\HMM_GUI_1.vcxproj" on node 2 (build target(s)).
     1>InitializeBuildStatus:
         Creating "Debug\HMM_GUI_1.unsuccessfulbuild" because "AlwaysCreate" was specified.
       ClCompile:
         All outputs are up-to-date.
         All outputs are up-to-date.
         C:\Program Files (x86)\Microsoft Visual Studio 10.0\VC\bin\CL.exe /c /Zi /clr:pure /nologo /W3 /WX- /Od /Oy- /D WIN32 /D _DEBUG /D _UNICODE /D UNICODE /EHa /MDd /GS /fp:precise /Zc:wchar_t /Zc:forScope /Fo"Debug\\" /Fd"Debug\vc100.pdb" /TP /analyze- /errorReport:prompt "C:\Users\Vishal.DESKTOP-861P542\AppData\Local\Temp\.NETFramework,Version=v4.0.AssemblyAttributes.cpp"
         .NETFramework,Version=v4.0.AssemblyAttributes.cpp
       CoreResGen:
         No resources are out of date with respect to their source files. Skipping resource generation.
       ResourceCompile:
         All outputs are up-to-date.
       Link:
         C:\Program Files (x86)\Microsoft Visual Studio 10.0\VC\bin\link.exe /ERRORREPORT:PROMPT /OUT:"C:\Users\Vishal.DESKTOP-861P542\Desktop\11_speech_based_captcha_solver\11_speech_based_captcha_solver\11_speech_based_captcha_solver\Debug\HMM_GUI_1.exe" /INCREMENTAL /NOLOGO /ASSEMBLYRESOURCE:Debug\HMM_GUI_1.Form1.resources /MANIFEST /ManifestFile:"Debug\HMM_GUI_1.exe.intermediate.manifest" /MANIFESTUAC:"level='asInvoker' uiAccess='false'" /DEBUG /PDB:"C:\Users\Vishal.DESKTOP-861P542\Desktop\11_speech_based_captcha_solver\11_speech_based_captcha_solver\11_speech_based_captcha_solver\Debug\HMM_GUI_1.pdb" /ASSEMBLYDEBUG /SUBSYSTEM:WINDOWS /TLBID:1 /ENTRY:"main" /DYNAMICBASE /FIXED:NO /NXCOMPAT /MACHINE:X86 Debug\app.res
         Debug\AssemblyInfo.obj
         Debug\HMM_GUI_1.obj
         Debug\stdafx.obj
         "Debug\.NETFramework,Version=v4.0.AssemblyAttributes.obj"
         HMM_GUI_1.vcxproj -> C:\Users\Vishal.DESKTOP-861P542\Desktop\11_speech_based_captcha_solver\11_speech_based_captcha_solver\11_speech_based_captcha_solver\Debug\HMM_GUI_1.exe
       Manifest:
         C:\Program Files (x86)\Microsoft SDKs\Windows\v7.0A\bin\mt.exe /nologo /verbose /outputresource:"C:\Users\Vishal.DESKTOP-861P542\Desktop\11_speech_based_captcha_solver\11_speech_based_captcha_solver\11_speech_based_captcha_solver\Debug\HMM_GUI_1.exe;#1" /manifest Debug\HMM_GUI_1.exe.intermediate.manifest
       FinalizeBuildStatus:
         Deleting file "Debug\HMM_GUI_1.unsuccessfulbuild".
         Touching "Debug\HMM_GUI_1.lastbuildstate".
     1>Done Building Project "C:\Users\Vishal.DESKTOP-861P542\Desktop\11_speech_based_captcha_solver\11_speech_based_captcha_solver\11_speech_based_captcha_solver\HMM_GUI_1\HMM_GUI_1.vcxproj" (build target(s)).

Build succeeded.

Time Elapsed 00:00:02.57
